<?xml version="1.0" encoding="UTF-8"?>
<testsuite name="warmup.CollatzLengthTests" tests="5" skipped="0" failures="0" errors="0" timestamp="2023-09-06T17:41:01" hostname="Jays-MacBook-Pro-2.local" time="0.012">
  <properties/>
  <testcase name="collatz0" classname="warmup.CollatzLengthTests" time="0.002"/>
  <testcase name="collatz1" classname="warmup.CollatzLengthTests" time="0.001"/>
  <testcase name="collatz2" classname="warmup.CollatzLengthTests" time="0.002"/>
  <testcase name="collatz3" classname="warmup.CollatzLengthTests" time="0.001"/>
  <testcase name="collatz4" classname="warmup.CollatzLengthTests" time="0.001"/>
  <system-out><![CDATA[]]></system-out>
  <system-err><![CDATA[]]></system-err>
</testsuite>
