<?xml version="1.0" encoding="UTF-8"?>
<testsuite name="warmup.SpeedOffendersTests" tests="4" skipped="0" failures="0" errors="0" timestamp="2023-09-06T17:08:33" hostname="Jays-MacBook-Pro-2.local" time="0.025">
  <properties/>
  <testcase name="speedOffender1" classname="warmup.SpeedOffendersTests" time="0.019"/>
  <testcase name="speedOffender2" classname="warmup.SpeedOffendersTests" time="0.001"/>
  <testcase name="speedOffender3" classname="warmup.SpeedOffendersTests" time="0.002"/>
  <testcase name="speedOffender4" classname="warmup.SpeedOffendersTests" time="0.001"/>
  <system-out><![CDATA[]]></system-out>
  <system-err><![CDATA[]]></system-err>
</testsuite>
