<?xml version="1.0" encoding="UTF-8"?>
<testsuite name="warmup.WordCountTests" tests="3" skipped="0" failures="0" errors="0" timestamp="2023-09-06T17:41:01" hostname="Jays-MacBook-Pro-2.local" time="0.011">
  <properties/>
  <testcase name="wordcount0" classname="warmup.WordCountTests" time="0.004"/>
  <testcase name="wordcount1" classname="warmup.WordCountTests" time="0.003"/>
  <testcase name="wordcount2" classname="warmup.WordCountTests" time="0.002"/>
  <system-out><![CDATA[]]></system-out>
  <system-err><![CDATA[]]></system-err>
</testsuite>
