<?xml version="1.0" encoding="UTF-8"?>
<testsuite name="warmup.MergeSortTests" tests="3" skipped="0" failures="0" errors="0" timestamp="2023-09-05T14:51:28" hostname="Jays-MacBook-Pro-2.local" time="0.016">
  <properties/>
  <testcase name="mergesort0" classname="warmup.MergeSortTests" time="0.002"/>
  <testcase name="mergesort1" classname="warmup.MergeSortTests" time="0.007"/>
  <testcase name="mergesort2" classname="warmup.MergeSortTests" time="0.002"/>
  <system-out><![CDATA[You got 35/42 points!
Your base grade for exercise 1 will be : 5.83
]]></system-out>
  <system-err><![CDATA[]]></system-err>
</testsuite>
